  PASS  test_1 (serial: 0.8108 ms, parallel: 0.1475 ms)
  PASS  test_2 (serial: 0.1282 ms, parallel: 0.0460 ms)
  PASS  test_3 (serial: 0.1376 ms, parallel: 0.0450 ms)
  PASS  test_4 (serial: 0.8372 ms, parallel: 0.1878 ms)
  PASS  test_5 (serial: 0.3779 ms, parallel: 0.0909 ms)
  PASS  test_6 (serial: 0.5488 ms, parallel: 0.1125 ms)
  PASS  test_7 (serial: 0.3524 ms, parallel: 0.3522 ms)
  PASS  test_8 (serial: 3.3947 ms, parallel: 0.6020 ms)
  PASS  test_9 (serial: 0.3021 ms, parallel: 0.0898 ms)
  PASS  test_10 (serial: 0.6425 ms, parallel: 0.1332 ms)
  PASS  test_11 (serial: 0.7980 ms, parallel: 0.1473 ms)
  PASS  test_12 (serial: 0.7335 ms, parallel: 0.1476 ms)
  PASS  test_13 (serial: 0.7578 ms, parallel: 0.1377 ms)
  PASS  test_14 (serial: 0.4840 ms, parallel: 0.0958 ms)
  PASS  test_15 (serial: 1.0402 ms, parallel: 0.1745 ms)
  PASS  test_16 (serial: 0.4588 ms, parallel: 0.4672 ms)
  PASS  test_17 (serial: 0.7503 ms, parallel: 0.1220 ms)
  PASS  test_18 (serial: 1.8554 ms, parallel: 0.3088 ms)
  PASS  test_19 (serial: 1.8546 ms, parallel: 0.2772 ms)
  PASS  test_20 (serial: 1.8400 ms, parallel: 0.2597 ms)
  PASS  test_21 (serial: 2.5447 ms, parallel: 0.3738 ms)
  PASS  test_22 (serial: 0.2720 ms, parallel: 0.0724 ms)
  PASS  test_23 (serial: 0.1730 ms, parallel: 0.0655 ms)
  PASS  test_24 (serial: 0.0590 ms, parallel: 0.0370 ms)
  PASS  test_25 (serial: 0.2154 ms, parallel: 0.0761 ms)
  PASS  test_26 (serial: 0.2992 ms, parallel: 0.0754 ms)
  PASS  test_27 (serial: 0.1685 ms, parallel: 0.0696 ms)
  PASS  test_28 (serial: 0.4950 ms, parallel: 0.1155 ms)
  PASS  test_29 (serial: 0.3103 ms, parallel: 0.0780 ms)
  PASS  test_30 (serial: 0.4316 ms, parallel: 0.1185 ms)
  PASS  test_31 (serial: 1.0504 ms, parallel: 0.1735 ms)
  PASS  test_32 (serial: 0.0590 ms, parallel: 0.0327 ms)
  PASS  test_33 (serial: 1.9855 ms, parallel: 0.2998 ms)
  PASS  test_34 (serial: 0.2106 ms, parallel: 0.0513 ms)
  PASS  test_35 (serial: 0.6554 ms, parallel: 0.1544 ms)
  PASS  test_36 (serial: 0.4254 ms, parallel: 0.1089 ms)
  PASS  test_37 (serial: 0.4468 ms, parallel: 0.4744 ms)
  PASS  test_38 (serial: 3.3518 ms, parallel: 0.4952 ms)
  PASS  test_39 (serial: 0.2772 ms, parallel: 0.0936 ms)
  PASS  test_40 (serial: 0.5621 ms, parallel: 0.5593 ms)
  PASS  test_41 (serial: 0.3398 ms, parallel: 0.1098 ms)
  PASS  test_42 (serial: 0.3214 ms, parallel: 0.0873 ms)
  PASS  test_43 (serial: 0.0492 ms, parallel: 0.0527 ms)
  PASS  test_44 (serial: 0.2134 ms, parallel: 0.0650 ms)
  PASS  test_45 (serial: 2.2963 ms, parallel: 0.3515 ms)
  PASS  test_46 (serial: 2.2808 ms, parallel: 0.3325 ms)
  PASS  test_47 (serial: 0.0294 ms, parallel: 0.0266 ms)
  PASS  test_48 (serial: 2.0008 ms, parallel: 0.3273 ms)
  PASS  test_49 (serial: 4.2002 ms, parallel: 0.8152 ms)
  PASS  test_50 (serial: 0.6700 ms, parallel: 0.1489 ms)

50/50 passed
Serial:   0.8942 ± 0.0203 ms (core algorithm)
Parallel: 0.1999 ± 0.0106 ms (6 threads)
Results written to results.tsv
